<?xml version="1.0" encoding="UTF-8"?>
<!-- Generated by org.testng.reporters.JUnitReportReporter -->
<testsuite hostname="LAPTOP-5UTAUSDH" name="com.crm.autodesk.ContactTest.TC_20_SendiningmaleMultipleContacts" tests="1" failures="0" timestamp="13 Sep 2021 15:59:11 GMT" time="22.974" errors="0">
  <testcase name="sendaaMailToSelectedContact" time="22.974" classname="com.crm.autodesk.ContactTest.TC_20_SendiningmaleMultipleContacts"/>
</testsuite> <!-- com.crm.autodesk.ContactTest.TC_20_SendiningmaleMultipleContacts -->
