<?xml version="1.0" encoding="UTF-8"?>
<!-- Generated by org.testng.reporters.JUnitReportReporter -->
<testsuite hostname="LAPTOP-5UTAUSDH" name="com.crm.autodesk.ContactsTests.TC_04_CreateproductAndCompare" tests="1" failures="0" timestamp="9 Sep 2021 15:06:51 GMT" time="33.668" errors="0">
  <testcase name="createNewProduct" time="33.668" classname="com.crm.autodesk.ContactsTests.TC_04_CreateproductAndCompare"/>
</testsuite> <!-- com.crm.autodesk.ContactsTests.TC_04_CreateproductAndCompare -->
