<?xml version="1.0" encoding="UTF-8"?>
<!-- Generated by org.testng.reporters.JUnitReportReporter -->
<testsuite hostname="LAPTOP-5UTAUSDH" name="com.crm.autodesk.ContactTest.TC_18_SendingAMailToSelectedContact" tests="2" failures="0" timestamp="16 Sep 2021 09:41:46 GMT" time="36.859" errors="0">
  <testcase name="sendaaMailToSelectedContact" time="20.082" classname="com.crm.autodesk.ContactTest.TC_18_SendingAMailToSelectedContact"/>
  <testcase name="sendaaMailToSelectedContact" time="16.777" classname="com.crm.autodesk.ContactTest.TC_18_SendingAMailToSelectedContact"/>
</testsuite> <!-- com.crm.autodesk.ContactTest.TC_18_SendingAMailToSelectedContact -->
