<?xml version="1.0" encoding="UTF-8"?>
<!-- Generated by org.testng.reporters.JUnitReportReporter -->
<testsuite hostname="LAPTOP-5UTAUSDH" name="com.crm.autodesk.ContactTest.TC_16_ViewContact" tests="2" failures="0" timestamp="16 Sep 2021 09:41:46 GMT" time="31.262" errors="0">
  <testcase name="ViewContact" time="16.354" classname="com.crm.autodesk.ContactTest.TC_16_ViewContact"/>
  <testcase name="ViewContact" time="14.908" classname="com.crm.autodesk.ContactTest.TC_16_ViewContact"/>
</testsuite> <!-- com.crm.autodesk.ContactTest.TC_16_ViewContact -->
