<?xml version="1.0" encoding="UTF-8"?>
<!-- Generated by org.testng.reporters.JUnitReportReporter -->
<testsuite hostname="LAPTOP-5UTAUSDH" name="com.crm.autodesk.ContactTest.TC_20_SendiningmaleMultipleContactse" tests="2" failures="0" timestamp="16 Sep 2021 09:41:46 GMT" time="57.286" errors="0">
  <testcase name="sendAMailToSelectedContact" time="32.072" classname="com.crm.autodesk.ContactTest.TC_20_SendiningmaleMultipleContactse"/>
  <testcase name="sendAMailToSelectedContact" time="25.214" classname="com.crm.autodesk.ContactTest.TC_20_SendiningmaleMultipleContactse"/>
</testsuite> <!-- com.crm.autodesk.ContactTest.TC_20_SendiningmaleMultipleContactse -->
