<?xml version="1.0" encoding="UTF-8"?>
<!-- Generated by org.testng.reporters.JUnitReportReporter -->
<testsuite hostname="LAPTOP-5UTAUSDH" name="com.crm.practicechaitra.ReadFromXml" tests="1" failures="0" timestamp="19 Sep 2021 15:43:10 GMT" time="0.000" errors="0">
  <testcase name="readDataFromXml" time="0.000" classname="com.crm.practicechaitra.ReadFromXml"/>
</testsuite> <!-- com.crm.practicechaitra.ReadFromXml -->
