<?xml version="1.0" encoding="UTF-8"?>
<!-- Generated by org.testng.reporters.JUnitReportReporter -->
<testsuite hostname="LAPTOP-5UTAUSDH" name="com.crm.autodesk.ContactsTests.TC_03_CreateOrganizationwithindustryEducation" tests="1" failures="0" timestamp="9 Sep 2021 15:10:38 GMT" time="23.551" errors="0">
  <testcase name="createNewOrganizationwithEducation" time="23.551" classname="com.crm.autodesk.ContactsTests.TC_03_CreateOrganizationwithindustryEducation"/>
</testsuite> <!-- com.crm.autodesk.ContactsTests.TC_03_CreateOrganizationwithindustryEducation -->
