<?xml version="1.0" encoding="UTF-8"?>
<!-- Generated by org.testng.reporters.JUnitReportReporter -->
<testsuite hostname="LAPTOP-5UTAUSDH" name="com.crm.autodesk.ContactsTests.TC_01_CreateContactWithOrganizationTest" tests="1" failures="0" timestamp="12 Sep 2021 12:58:48 GMT" time="25.053" errors="0">
  <testcase name="createContactWithOrganization" time="25.053" classname="com.crm.autodesk.ContactsTests.TC_01_CreateContactWithOrganizationTest"/>
</testsuite> <!-- com.crm.autodesk.ContactsTests.TC_01_CreateContactWithOrganizationTest -->
