<?xml version="1.0" encoding="UTF-8"?>
<!-- Generated by org.testng.reporters.JUnitReportReporter -->
<testsuite hostname="LAPTOP-5UTAUSDH" name="com.crm.autodesk.ContactTest.TC_17_selectOneContactclickDuplicateBtn" tests="2" failures="0" timestamp="16 Sep 2021 09:41:46 GMT" time="100.146" errors="0">
  <testcase name="ViewContact" time="47.771" classname="com.crm.autodesk.ContactTest.TC_17_selectOneContactclickDuplicateBtn"/>
  <testcase name="ViewContact" time="52.375" classname="com.crm.autodesk.ContactTest.TC_17_selectOneContactclickDuplicateBtn"/>
</testsuite> <!-- com.crm.autodesk.ContactTest.TC_17_selectOneContactclickDuplicateBtn -->
