<?xml version="1.0" encoding="UTF-8"?>
<!-- Generated by org.testng.reporters.JUnitReportReporter -->
<testsuite hostname="LAPTOP-5UTAUSDH" name="com.crm.practicechaitra.clickForDelete" tests="1" failures="0" timestamp="8 Sep 2021 12:07:58 GMT" time="17.764" errors="0">
  <testcase name="OrganisationTest" time="17.764" classname="com.crm.practicechaitra.clickForDelete"/>
</testsuite> <!-- com.crm.practicechaitra.clickForDelete -->
