<?xml version="1.0" encoding="UTF-8"?>
<!-- Generated by org.testng.reporters.JUnitReportReporter -->
<testsuite hostname="LAPTOP-5UTAUSDH" name="com.crm.autodesk.ContactTest.TC_01_ViewContact" tests="1" failures="0" timestamp="12 Sep 2021 14:16:35 GMT" time="8.510" errors="0">
  <testcase name="ViewContact" time="8.510" classname="com.crm.autodesk.ContactTest.TC_01_ViewContact"/>
</testsuite> <!-- com.crm.autodesk.ContactTest.TC_01_ViewContact -->
