<?xml version="1.0" encoding="UTF-8"?>
<!-- Generated by org.testng.reporters.JUnitReportReporter -->
<testsuite hostname="LAPTOP-5UTAUSDH" name="com.crm.autodesk.OrganizationTest.TC_02_createOrganizationWithIndustry" tests="1" failures="0" timestamp="17 Sep 2021 08:58:21 GMT" time="42.412" errors="0">
  <testcase name="createOrganizationwithindustryTest" time="42.412" classname="com.crm.autodesk.OrganizationTest.TC_02_createOrganizationWithIndustry"/>
</testsuite> <!-- com.crm.autodesk.OrganizationTest.TC_02_createOrganizationWithIndustry -->
