<?xml version="1.0" encoding="UTF-8"?>
<!-- Generated by org.testng.reporters.JUnitReportReporter -->
<testsuite hostname="LAPTOP-5UTAUSDH" name="com.crm.practicechaitra.clickonAllCheckBox" tests="1" failures="0" timestamp="7 Sep 2021 16:05:21 GMT" time="15.094" errors="0">
  <testcase name="OrganisationTest" time="15.094" classname="com.crm.practicechaitra.clickonAllCheckBox"/>
</testsuite> <!-- com.crm.practicechaitra.clickonAllCheckBox -->
