<?xml version="1.0" encoding="UTF-8"?>
<!-- Generated by org.testng.reporters.JUnitReportReporter -->
<testsuite hostname="LAPTOP-5UTAUSDH" name="com.crm.autodesk.ContactsTests.TC_02_createNewOrganization" tests="1" failures="0" timestamp="8 Sep 2021 19:18:48 GMT" time="14.579" errors="0">
  <testcase name="createNewOrganization" time="14.579" classname="com.crm.autodesk.ContactsTests.TC_02_createNewOrganization"/>
</testsuite> <!-- com.crm.autodesk.ContactsTests.TC_02_createNewOrganization -->
