<?xml version="1.0" encoding="UTF-8"?>
<!-- Generated by org.testng.reporters.JUnitReportReporter -->
<testsuite hostname="LAPTOP-5UTAUSDH" name="com.crm.autodesk.ContactTest.TC_19_SendmailwithoutSelectContact" tests="2" failures="0" timestamp="16 Sep 2021 09:41:46 GMT" time="52.466" errors="0">
  <testcase name="sendmailWithoutClickContact" time="18.565" classname="com.crm.autodesk.ContactTest.TC_19_SendmailwithoutSelectContact"/>
  <testcase name="sendmailWithoutClickContact" time="33.901" classname="com.crm.autodesk.ContactTest.TC_19_SendmailwithoutSelectContact"/>
</testsuite> <!-- com.crm.autodesk.ContactTest.TC_19_SendmailwithoutSelectContact -->
